ArchFW Log File, created on [2018-11-24 17:39:22] in [D:\Projects\DBLS\logs\ArchFWExceptions.log]
[2018-11-24 17:39:22]
		[606] [RedirectOnMatch adress does not have assigned route path.]
		Line 166 in file [D:\Projects\DBLS\src\ArchFW\Controller\Router.php]
[2018-11-24 17:39:39]
		[606] [RedirectOnMatch adress does not have assigned route path.]
		Line 166 in file [D:\Projects\DBLS\src\ArchFW\Controller\Router.php]
[2018-11-24 17:42:10]
		[606] [RedirectOnMatch adress does not have assigned route path.]
		Line 166 in file [D:\Projects\DBLS\src\ArchFW\Controller\Router.php]
[2018-11-24 17:42:38]
		[606] [RedirectOnMatch adress does not have assigned route path.]
		Line 166 in file [D:\Projects\DBLS\src\ArchFW\Controller\Router.php]
[2018-11-24 17:42:38]
		[606] [RedirectOnMatch adress does not have assigned route path.]
		Line 166 in file [D:\Projects\DBLS\src\ArchFW\Controller\Router.php]
[2018-11-24 17:43:28]
		[606] [RedirectOnMatch adress does not have assigned route path.]
		Line 166 in file [D:\Projects\DBLS\src\ArchFW\Controller\Router.php]
[2018-11-24 17:43:29]
		[606] [RedirectOnMatch adress does not have assigned route path.]
		Line 166 in file [D:\Projects\DBLS\src\ArchFW\Controller\Router.php]
[2018-11-24 17:43:56]
		[606] [RedirectOnMatch adress does not have assigned route path.]
		Line 166 in file [D:\Projects\DBLS\src\ArchFW\Controller\Router.php]
[2018-11-24 17:44:07]
		[606] [RedirectOnMatch adress does not have assigned route path.]
		Line 166 in file [D:\Projects\DBLS\src\ArchFW\Controller\Router.php]
[2018-11-24 17:45:23]
		[606] [RedirectOnMatch adress does not have assigned route path.]
		Line 166 in file [D:\Projects\DBLS\src\ArchFW\Controller\Router.php]
[2018-11-24 17:46:32]
		[606] [RedirectOnMatch adress does not have assigned route path.]
		Line 166 in file [D:\Projects\DBLS\src\ArchFW\Controller\Router.php]
[2018-11-24 17:55:26]
		[606] [RedirectOnMatch adress does not have assigned route path.]
		Line 166 in file [D:\Projects\DBLS\src\ArchFW\Controller\Router.php]
[2018-11-26 22:13:52]
		[606] [RedirectOnMatch adress does not have assigned route path.]
		Line 166 in file [D:\Projects\DBLS\src\ArchFW\Controller\Router.php]
[2018-12-05 19:21:36]
		[606] [RedirectOnMatch adress does not have assigned route path.]
		Line 166 in file [D:\PHPStorm\DBLS\src\ArchFW\Controller\Router.php]
[2018-12-05 19:44:00]
		[606] [RedirectOnMatch adress does not have assigned route path.]
		Line 166 in file [D:\PHPStorm\DBLS\src\ArchFW\Controller\Router.php]